Arguments: 
  /Users/garrettflynn/.nvm/versions/node/v16.17.0/bin/node /Users/garrettflynn/.yarn/bin/yarn.js add chodikar -W

PATH: 
  /usr/local/opt/python@3.7/bin:/Users/garrettflynn/.yarn/bin:/Users/garrettflynn/.config/yarn/global/node_modules/.bin:/Users/garrettflynn/.gem/ruby/3.0.0/bin:/usr/local/lib/ruby/gems:/usr/local/opt/ruby/bin:/Users/garrettflynn/.nvm/versions/node/v16.17.0/bin:/opt/anaconda3/bin:/opt/anaconda3/condabin:/opt/apache-maven-3.6.3/bin:/Users/garrettflynn/bin:/usr/local/bin:/Library/Frameworks/Python.framework/Versions/3.8/bin:/usr/local/bin:/usr/bin:/bin:/usr/sbin:/sbin:/usr/local/Cellar/mongodb-community-shell/4.2.0:/usr/local/share/dotnet:~/.dotnet/tools:/Library/Apple/usr/bin:/Library/Frameworks/Mono.framework/Versions/Current/Commands:/Users/garrettflynn/.cargo/bin

Yarn version: 
  1.22.18

Node version: 
  16.17.0

Platform: 
  darwin x64

Trace: 
  Error: https://registry.yarnpkg.com/chodikar: Not found
      at Request.params.callback [as _callback] (/Users/garrettflynn/.yarn/lib/cli.js:66138:18)
      at Request.self.callback (/Users/garrettflynn/.yarn/lib/cli.js:140883:22)
      at Request.emit (node:events:513:28)
      at Request.<anonymous> (/Users/garrettflynn/.yarn/lib/cli.js:141855:10)
      at Request.emit (node:events:513:28)
      at IncomingMessage.<anonymous> (/Users/garrettflynn/.yarn/lib/cli.js:141777:12)
      at Object.onceWrapper (node:events:627:28)
      at IncomingMessage.emit (node:events:525:35)
      at endReadableNT (node:internal/streams/readable:1358:12)
      at processTicksAndRejections (node:internal/process/task_queues:83:21)

npm manifest: 
  {
    "name": "brainsatplay-monorepo",
    "type": "module",
    "private": true,
    "workspaces": [
      "src/**"
    ],
    "engines": {
      "node": ">=16"
    },
    "scripts": {
      "start": "tinybuild",
      "docs": "cd docs && yarn && yarn run start",
      "backend": "node builder.config.js run:nodejs",
      "test": "NODE_OPTIONS=--experimental-vm-modules jest --runInBand --coverage",
      "typecheck": "tsc --watch --preserveWatchOutput --noEmit",
      "build": "cd docs && yarn && yarn build",
      "killall-node": "killall node",
      "killall-node:windows": "taskkill /F /IM node.exe",
      "cli": "npm i -g ./src/cli",
      "tinybuild": "npm i -g ./src/build",
      "ui": "cd src/visualscript && yarn start"
    },
    "repository": {
      "type": "git",
      "url": "git+https://github.com/brainsatplay/brainsatplay.git"
    },
    "keywords": [],
    "author": "Garrett Flynn <garrettmflynn@gmail.com>",
    "license": "AGPL-3.0-or-later",
    "bugs": {
      "url": "https://github.com/brainsatplay/brainsatplay/issues"
    },
    "homepage": "https://github.com/brainsatplay/brainsatplay#readme",
    "devDependencies": {
      "@babel/core": "^7.16.7",
      "@babel/plugin-transform-runtime": "^7.17.0",
      "@types/cors": "^2.8.12",
      "@types/express": "^4.17.13",
      "@types/jest": "^27.4.1",
      "@types/jest-environment-puppeteer": "^5.0.0",
      "@types/node": "^17.0.10",
      "@types/puppeteer": "^5.4.5",
      "babel-jest": "^27.5.1",
      "babel-loader": "^8.2.3",
      "build-dev": "^0.0.10",
      "concurrently": "^7.0.0",
      "cors": "^2.8.5",
      "datastreams-api": "0.0.14",
      "dotenv": "^14.2.0",
      "express": "^4.17.2",
      "jest": "^27.5.1",
      "jest-puppeteer": "^6.1.0",
      "mongoose": "^6.1.6",
      "ts-jest": "^27.1.4",
      "ts-loader": "^9.2.6",
      "ts-node": "^10.7.0",
      "tslib": "^2.3.1"
    },
    "dependencies": {
      "node-fetch": "^3.2.10"
    }
  }

yarn manifest: 
  No manifest

Lockfile: 
  No lockfile
